<?xml version="1.0" encoding="UTF-8"?>
<!-- Generated by org.testng.reporters.JUnitReportReporter -->
<testsuite hostname="L-257520-P15" name="com.sanjeev.sample.BSTTest" tests="1" failures="0" timestamp="13 Jan 2017 06:08:30 GMT" time="0.015" errors="0">
  <testcase name="Test" time="0.015" classname="com.sanjeev.sample.BSTTest"/>
</testsuite> <!-- com.sanjeev.sample.BSTTest -->
